# JRE version: OpenJDK Runtime Environment (8.0_76-b03) (build 1.8.0_76-release-b03)
# Java VM: OpenJDK 64-Bit Server VM (25.76-b03 mixed mode linux-amd64 compressed oops)
Heap:
 def new generation   total 211008K, used 170749K [0x00000000a0000000, 0x00000000ae4f0000, 0x00000000c0000000)
  eden space 187584K,  78% used [0x00000000a0000000, 0x00000000a8fdf558, 0x00000000ab730000)
  from space 23424K, 100% used [0x00000000ace10000, 0x00000000ae4f0000, 0x00000000ae4f0000)
  to   space 23424K,   0% used [0x00000000ab730000, 0x00000000ab730000, 0x00000000ace10000)
 tenured generation   total 468592K, used 284696K [0x00000000c0000000, 0x00000000dc99c000, 0x0000000100000000)
   the space 468592K,  60% used [0x00000000c0000000, 0x00000000d1606220, 0x00000000d1606400, 0x00000000dc99c000)
 Metaspace       used 65917K, capacity 67824K, committed 68096K, reserved 1107968K
  class space    used 8248K, capacity 8654K, committed 8704K, reserved 1048576K
GC Heap History (10 events):
Event: 101.327 GC heap before
{Heap before GC invocations=40 (full 3):
 def new generation   total 154944K, used 154944K [0x00000000a0000000, 0x00000000aa810000, 0x00000000c0000000)
  eden space 137792K, 100% used [0x00000000a0000000, 0x00000000a8690000, 0x00000000a8690000)
  from space 17152K, 100% used [0x00000000a8690000, 0x00000000a9750000, 0x00000000a9750000)
  to   space 17152K,   0% used [0x00000000a9750000, 0x00000000a9750000, 0x00000000aa810000)
 tenured generation   total 344064K, used 281737K [0x00000000c0000000, 0x00000000d5000000, 0x0000000100000000)
   the space 344064K,  81% used [0x00000000c0000000, 0x00000000d1322698, 0x00000000d1322800, 0x00000000d5000000)
 Metaspace       used 65914K, capacity 67824K, committed 68096K, reserved 1107968K
  class space    used 8248K, capacity 8654K, committed 8704K, reserved 1048576K
Event: 101.568 GC heap after
Heap after GC invocations=41 (full 3):
 def new generation   total 154944K, used 17152K [0x00000000a0000000, 0x00000000aa810000, 0x00000000c0000000)
  eden space 137792K,   0% used [0x00000000a0000000, 0x00000000a0000000, 0x00000000a8690000)
  from space 17152K, 100% used [0x00000000a9750000, 0x00000000aa810000, 0x00000000aa810000)
  to   space 17152K,   0% used [0x00000000a8690000, 0x00000000a8690000, 0x00000000a9750000)
 tenured generation   total 344064K, used 301566K [0x00000000c0000000, 0x00000000d5000000, 0x0000000100000000)
   the space 344064K,  87% used [0x00000000c0000000, 0x00000000d267f938, 0x00000000d267fa00, 0x00000000d5000000)
 Metaspace       used 65914K, capacity 67824K, committed 68096K, reserved 1107968K
  class space    used 8248K, capacity 8654K, committed 8704K, reserved 1048576K
}
Event: 102.331 GC heap before
{Heap before GC invocations=41 (full 3):
 def new generation   total 154944K, used 154944K [0x00000000a0000000, 0x00000000aa810000, 0x00000000c0000000)
  eden space 137792K, 100% used [0x00000000a0000000, 0x00000000a8690000, 0x00000000a8690000)
  from space 17152K, 100% used [0x00000000a9750000, 0x00000000aa810000, 0x00000000aa810000)
  to   space 17152K,   0% used [0x00000000a8690000, 0x00000000a8690000, 0x00000000a9750000)
 tenured generation   total 344064K, used 301566K [0x00000000c0000000, 0x00000000d5000000, 0x0000000100000000)
   the space 344064K,  87% used [0x00000000c0000000, 0x00000000d267f938, 0x00000000d267fa00, 0x00000000d5000000)
 Metaspace       used 65914K, capacity 67824K, committed 68096K, reserved 1107968K
  class space    used 8248K, capacity 8654K, committed 8704K, reserved 1048576K
Event: 102.521 GC heap after
Heap after GC invocations=42 (full 3):
 def new generation   total 154944K, used 17123K [0x00000000a0000000, 0x00000000aa810000, 0x00000000c0000000)
  eden space 137792K,   0% used [0x00000000a0000000, 0x00000000a0000000, 0x00000000a8690000)
  from space 17152K,  99% used [0x00000000a8690000, 0x00000000a9748e50, 0x00000000a9750000)
  to   space 17152K,   0% used [0x00000000a9750000, 0x00000000a9750000, 0x00000000aa810000)
 tenured generation   total 344064K, used 318256K [0x00000000c0000000, 0x00000000d5000000, 0x0000000100000000)
   the space 344064K,  92% used [0x00000000c0000000, 0x00000000d36cc298, 0x00000000d36cc400, 0x00000000d5000000)
 Metaspace       used 65914K, capacity 67824K, committed 68096K, reserved 1107968K
  class space    used 8248K, capacity 8654K, committed 8704K, reserved 1048576K
}
Event: 103.251 GC heap before
{Heap before GC invocations=42 (full 3):
 def new generation   total 154944K, used 154915K [0x00000000a0000000, 0x00000000aa810000, 0x00000000c0000000)
  eden space 137792K, 100% used [0x00000000a0000000, 0x00000000a8690000, 0x00000000a8690000)
  from space 17152K,  99% used [0x00000000a8690000, 0x00000000a9748e50, 0x00000000a9750000)
  to   space 17152K,   0% used [0x00000000a9750000, 0x00000000a9750000, 0x00000000aa810000)
 tenured generation   total 344064K, used 318256K [0x00000000c0000000, 0x00000000d5000000, 0x0000000100000000)
   the space 344064K,  92% used [0x00000000c0000000, 0x00000000d36cc298, 0x00000000d36cc400, 0x00000000d5000000)
 Metaspace       used 65914K, capacity 67824K, committed 68096K, reserved 1107968K
  class space    used 8248K, capacity 8654K, committed 8704K, reserved 1048576K
Event: 103.358 GC heap after
Heap after GC invocations=43 (full 3):
 def new generation   total 154944K, used 15610K [0x00000000a0000000, 0x00000000aa810000, 0x00000000c0000000)
  eden space 137792K,   0% used [0x00000000a0000000, 0x00000000a0000000, 0x00000000a8690000)
  from space 17152K,  91% used [0x00000000a9750000, 0x00000000aa68eb70, 0x00000000aa810000)
  to   space 17152K,   0% used [0x00000000a8690000, 0x00000000a8690000, 0x00000000a9750000)
 tenured generation   total 344064K, used 334674K [0x00000000c0000000, 0x00000000d5000000, 0x0000000100000000)
   the space 344064K,  97% used [0x00000000c0000000, 0x00000000d46d4b30, 0x00000000d46d4c00, 0x00000000d5000000)
 Metaspace       used 65914K, capacity 67824K, committed 68096K, reserved 1107968K
  class space    used 8248K, capacity 8654K, committed 8704K, reserved 1048576K
}
Event: 104.136 GC heap before
{Heap before GC invocations=43 (full 3):
 def new generation   total 154944K, used 153402K [0x00000000a0000000, 0x00000000aa810000, 0x00000000c0000000)
  eden space 137792K, 100% used [0x00000000a0000000, 0x00000000a8690000, 0x00000000a8690000)
  from space 17152K,  91% used [0x00000000a9750000, 0x00000000aa68eb70, 0x00000000aa810000)
  to   space 17152K,   0% used [0x00000000a8690000, 0x00000000a8690000, 0x00000000a9750000)
 tenured generation   total 344064K, used 334674K [0x00000000c0000000, 0x00000000d5000000, 0x0000000100000000)
   the space 344064K,  97% used [0x00000000c0000000, 0x00000000d46d4b30, 0x00000000d46d4c00, 0x00000000d5000000)
 Metaspace       used 65914K, capacity 67824K, committed 68096K, reserved 1107968K
  class space    used 8248K, capacity 8654K, committed 8704K, reserved 1048576K
Event: 105.453 GC heap after
Heap after GC invocations=44 (full 4):
 def new generation   total 211008K, used 0K [0x00000000a0000000, 0x00000000ae4f0000, 0x00000000c0000000)
  eden space 187584K,   0% used [0x00000000a0000000, 0x00000000a0000000, 0x00000000ab730000)
  from space 23424K,   0% used [0x00000000ab730000, 0x00000000ab730000, 0x00000000ace10000)
  to   space 23424K,   0% used [0x00000000ace10000, 0x00000000ace10000, 0x00000000ae4f0000)
 tenured generation   total 468592K, used 281154K [0x00000000c0000000, 0x00000000dc99c000, 0x0000000100000000)
   the space 468592K,  59% used [0x00000000c0000000, 0x00000000d1290b00, 0x00000000d1290c00, 0x00000000dc99c000)
 Metaspace       used 65914K, capacity 67824K, committed 68096K, reserved 1107968K
  class space    used 8248K, capacity 8654K, committed 8704K, reserved 1048576K
}
Event: 106.504 GC heap before
{Heap before GC invocations=44 (full 4):
 def new generation   total 211008K, used 187584K [0x00000000a0000000, 0x00000000ae4f0000, 0x00000000c0000000)
  eden space 187584K, 100% used [0x00000000a0000000, 0x00000000ab730000, 0x00000000ab730000)
  from space 23424K,   0% used [0x00000000ab730000, 0x00000000ab730000, 0x00000000ace10000)
  to   space 23424K,   0% used [0x00000000ace10000, 0x00000000ace10000, 0x00000000ae4f0000)
 tenured generation   total 468592K, used 281154K [0x00000000c0000000, 0x00000000dc99c000, 0x0000000100000000)
   the space 468592K,  59% used [0x00000000c0000000, 0x00000000d1290b00, 0x00000000d1290c00, 0x00000000dc99c000)
 Metaspace       used 65914K, capacity 67824K, committed 68096K, reserved 1107968K
  class space    used 8248K, capacity 8654K, committed 8704K, reserved 1048576K
Event: 106.599 GC heap after
Heap after GC invocations=45 (full 4):
 def new generation   total 211008K, used 23424K [0x00000000a0000000, 0x00000000ae4f0000, 0x00000000c0000000)
  eden space 187584K,   0% used [0x00000000a0000000, 0x00000000a0000000, 0x00000000ab730000)
  from space 23424K, 100% used [0x00000000ace10000, 0x00000000ae4f0000, 0x00000000ae4f0000)
  to   space 23424K,   0% used [0x00000000ab730000, 0x00000000ab730000, 0x00000000ace10000)
 tenured generation   total 468592K, used 284696K [0x00000000c0000000, 0x00000000dc99c000, 0x0000000100000000)
   the space 468592K,  60% used [0x00000000c0000000, 0x00000000d1606220, 0x00000000d1606400, 0x00000000dc99c000)
 Metaspace       used 65914K, capacity 67824K, committed 68096K, reserved 1107968K
  class space    used 8248K, capacity 8654K, committed 8704K, reserved 1048576K
}

