# JRE version: OpenJDK Runtime Environment (8.0_76-b03) (build 1.8.0_76-release-b03)
# Java VM: OpenJDK 64-Bit Server VM (25.76-b03 mixed mode linux-amd64 compressed oops)
Heap:
 def new generation   total 222464K, used 123904K [0x00000000a0000000, 0x00000000af160000, 0x00000000c0000000)
  eden space 197760K,  54% used [0x00000000a0000000, 0x00000000a69f0cf8, 0x00000000ac120000)
  from space 24704K,  62% used [0x00000000ac120000, 0x00000000ad02f560, 0x00000000ad940000)
  to   space 24704K,   0% used [0x00000000ad940000, 0x00000000ad940000, 0x00000000af160000)
 tenured generation   total 494164K, used 75215K [0x00000000c0000000, 0x00000000de295000, 0x0000000100000000)
   the space 494164K,  15% used [0x00000000c0000000, 0x00000000c4973f50, 0x00000000c4974000, 0x00000000de295000)
 Metaspace       used 67299K, capacity 69198K, committed 69376K, reserved 1110016K
  class space    used 8460K, capacity 8855K, committed 8960K, reserved 1048576K
GC Heap History (10 events):
Event: 122.010 GC heap before
{Heap before GC invocations=54 (full 5):
 def new generation   total 222464K, used 209606K [0x00000000a0000000, 0x00000000af160000, 0x00000000c0000000)
  eden space 197760K, 100% used [0x00000000a0000000, 0x00000000ac120000, 0x00000000ac120000)
  from space 24704K,  47% used [0x00000000ad940000, 0x00000000ae4d1970, 0x00000000af160000)
  to   space 24704K,   0% used [0x00000000ac120000, 0x00000000ac120000, 0x00000000ad940000)
 tenured generation   total 494164K, used 71085K [0x00000000c0000000, 0x00000000de295000, 0x0000000100000000)
   the space 494164K,  14% used [0x00000000c0000000, 0x00000000c456b780, 0x00000000c456b800, 0x00000000de295000)
 Metaspace       used 59620K, capacity 61294K, committed 61440K, reserved 1103872K
  class space    used 7585K, capacity 7930K, committed 7936K, reserved 1048576K
Event: 122.083 GC heap after
Heap after GC invocations=55 (full 5):
 def new generation   total 222464K, used 14296K [0x00000000a0000000, 0x00000000af160000, 0x00000000c0000000)
  eden space 197760K,   0% used [0x00000000a0000000, 0x00000000a0000000, 0x00000000ac120000)
  from space 24704K,  57% used [0x00000000ac120000, 0x00000000acf16000, 0x00000000ad940000)
  to   space 24704K,   0% used [0x00000000ad940000, 0x00000000ad940000, 0x00000000af160000)
 tenured generation   total 494164K, used 71085K [0x00000000c0000000, 0x00000000de295000, 0x0000000100000000)
   the space 494164K,  14% used [0x00000000c0000000, 0x00000000c456b780, 0x00000000c456b800, 0x00000000de295000)
 Metaspace       used 59620K, capacity 61294K, committed 61440K, reserved 1103872K
  class space    used 7585K, capacity 7930K, committed 7936K, reserved 1048576K
}
Event: 127.441 GC heap before
{Heap before GC invocations=55 (full 5):
 def new generation   total 222464K, used 211700K [0x00000000a0000000, 0x00000000af160000, 0x00000000c0000000)
  eden space 197760K,  99% used [0x00000000a0000000, 0x00000000ac0c71f8, 0x00000000ac120000)
  from space 24704K,  57% used [0x00000000ac120000, 0x00000000acf16000, 0x00000000ad940000)
  to   space 24704K,   0% used [0x00000000ad940000, 0x00000000ad940000, 0x00000000af160000)
 tenured generation   total 494164K, used 71085K [0x00000000c0000000, 0x00000000de295000, 0x0000000100000000)
   the space 494164K,  14% used [0x00000000c0000000, 0x00000000c456b780, 0x00000000c456b800, 0x00000000de295000)
 Metaspace       used 66058K, capacity 67848K, committed 67968K, reserved 1107968K
  class space    used 8340K, capacity 8712K, committed 8832K, reserved 1048576K
Event: 127.480 GC heap after
Heap after GC invocations=56 (full 5):
 def new generation   total 222464K, used 8639K [0x00000000a0000000, 0x00000000af160000, 0x00000000c0000000)
  eden space 197760K,   0% used [0x00000000a0000000, 0x00000000a0000000, 0x00000000ac120000)
  from space 24704K,  34% used [0x00000000ad940000, 0x00000000ae1affa8, 0x00000000af160000)
  to   space 24704K,   0% used [0x00000000ac120000, 0x00000000ac120000, 0x00000000ad940000)
 tenured generation   total 494164K, used 75215K [0x00000000c0000000, 0x00000000de295000, 0x0000000100000000)
   the space 494164K,  15% used [0x00000000c0000000, 0x00000000c4973f50, 0x00000000c4974000, 0x00000000de295000)
 Metaspace       used 66058K, capacity 67848K, committed 67968K, reserved 1107968K
  class space    used 8340K, capacity 8712K, committed 8832K, reserved 1048576K
}
Event: 127.597 GC heap before
{Heap before GC invocations=56 (full 5):
 def new generation   total 222464K, used 205479K [0x00000000a0000000, 0x00000000af160000, 0x00000000c0000000)
  eden space 197760K,  99% used [0x00000000a0000000, 0x00000000ac03a030, 0x00000000ac120000)
  from space 24704K,  34% used [0x00000000ad940000, 0x00000000ae1affa8, 0x00000000af160000)
  to   space 24704K,   0% used [0x00000000ac120000, 0x00000000ac120000, 0x00000000ad940000)
 tenured generation   total 494164K, used 75215K [0x00000000c0000000, 0x00000000de295000, 0x0000000100000000)
   the space 494164K,  15% used [0x00000000c0000000, 0x00000000c4973f50, 0x00000000c4974000, 0x00000000de295000)
 Metaspace       used 66058K, capacity 67848K, committed 67968K, reserved 1107968K
  class space    used 8340K, capacity 8712K, committed 8832K, reserved 1048576K
Event: 127.622 GC heap after
Heap after GC invocations=57 (full 5):
 def new generation   total 222464K, used 6905K [0x00000000a0000000, 0x00000000af160000, 0x00000000c0000000)
  eden space 197760K,   0% used [0x00000000a0000000, 0x00000000a0000000, 0x00000000ac120000)
  from space 24704K,  27% used [0x00000000ac120000, 0x00000000ac7de5f0, 0x00000000ad940000)
  to   space 24704K,   0% used [0x00000000ad940000, 0x00000000ad940000, 0x00000000af160000)
 tenured generation   total 494164K, used 75215K [0x00000000c0000000, 0x00000000de295000, 0x0000000100000000)
   the space 494164K,  15% used [0x00000000c0000000, 0x00000000c4973f50, 0x00000000c4974000, 0x00000000de295000)
 Metaspace       used 66058K, capacity 67848K, committed 67968K, reserved 1107968K
  class space    used 8340K, capacity 8712K, committed 8832K, reserved 1048576K
}
Event: 127.771 GC heap before
{Heap before GC invocations=57 (full 5):
 def new generation   total 222464K, used 204665K [0x00000000a0000000, 0x00000000af160000, 0x00000000c0000000)
  eden space 197760K, 100% used [0x00000000a0000000, 0x00000000ac120000, 0x00000000ac120000)
  from space 24704K,  27% used [0x00000000ac120000, 0x00000000ac7de5f0, 0x00000000ad940000)
  to   space 24704K,   0% used [0x00000000ad940000, 0x00000000ad940000, 0x00000000af160000)
 tenured generation   total 494164K, used 75215K [0x00000000c0000000, 0x00000000de295000, 0x0000000100000000)
   the space 494164K,  15% used [0x00000000c0000000, 0x00000000c4973f50, 0x00000000c4974000, 0x00000000de295000)
 Metaspace       used 66059K, capacity 67848K, committed 67968K, reserved 1107968K
  class space    used 8340K, capacity 8712K, committed 8832K, reserved 1048576K
Event: 127.792 GC heap after
Heap after GC invocations=58 (full 5):
 def new generation   total 222464K, used 6658K [0x00000000a0000000, 0x00000000af160000, 0x00000000c0000000)
  eden space 197760K,   0% used [0x00000000a0000000, 0x00000000a0000000, 0x00000000ac120000)
  from space 24704K,  26% used [0x00000000ad940000, 0x00000000adfc0a28, 0x00000000af160000)
  to   space 24704K,   0% used [0x00000000ac120000, 0x00000000ac120000, 0x00000000ad940000)
 tenured generation   total 494164K, used 75215K [0x00000000c0000000, 0x00000000de295000, 0x0000000100000000)
   the space 494164K,  15% used [0x00000000c0000000, 0x00000000c4973f50, 0x00000000c4974000, 0x00000000de295000)
 Metaspace       used 66059K, capacity 67848K, committed 67968K, reserved 1107968K
  class space    used 8340K, capacity 8712K, committed 8832K, reserved 1048576K
}
Event: 130.104 GC heap before
{Heap before GC invocations=58 (full 5):
 def new generation   total 222464K, used 204418K [0x00000000a0000000, 0x00000000af160000, 0x00000000c0000000)
  eden space 197760K, 100% used [0x00000000a0000000, 0x00000000ac120000, 0x00000000ac120000)
  from space 24704K,  26% used [0x00000000ad940000, 0x00000000adfc0a28, 0x00000000af160000)
  to   space 24704K,   0% used [0x00000000ac120000, 0x00000000ac120000, 0x00000000ad940000)
 tenured generation   total 494164K, used 75215K [0x00000000c0000000, 0x00000000de295000, 0x0000000100000000)
   the space 494164K,  15% used [0x00000000c0000000, 0x00000000c4973f50, 0x00000000c4974000, 0x00000000de295000)
 Metaspace       used 67298K, capacity 69198K, committed 69376K, reserved 1110016K
  class space    used 8460K, capacity 8855K, committed 8960K, reserved 1048576K
Event: 130.190 GC heap after
Heap after GC invocations=59 (full 5):
 def new generation   total 222464K, used 15421K [0x00000000a0000000, 0x00000000af160000, 0x00000000c0000000)
  eden space 197760K,   0% used [0x00000000a0000000, 0x00000000a0000000, 0x00000000ac120000)
  from space 24704K,  62% used [0x00000000ac120000, 0x00000000ad02f560, 0x00000000ad940000)
  to   space 24704K,   0% used [0x00000000ad940000, 0x00000000ad940000, 0x00000000af160000)
 tenured generation   total 494164K, used 75215K [0x00000000c0000000, 0x00000000de295000, 0x0000000100000000)
   the space 494164K,  15% used [0x00000000c0000000, 0x00000000c4973f50, 0x00000000c4974000, 0x00000000de295000)
 Metaspace       used 67298K, capacity 69198K, committed 69376K, reserved 1110016K
  class space    used 8460K, capacity 8855K, committed 8960K, reserved 1048576K
}

