# JRE version: OpenJDK Runtime Environment (8.0_76-b03) (build 1.8.0_76-release-b03)
# Java VM: OpenJDK 64-Bit Server VM (25.76-b03 mixed mode linux-amd64 compressed oops)
Heap:
 def new generation   total 232832K, used 20431K [0x00000000a0000000, 0x00000000afca0000, 0x00000000c0000000)
  eden space 206976K,   3% used [0x00000000a0000000, 0x00000000a07335a8, 0x00000000aca20000)
  from space 25856K,  50% used [0x00000000ae360000, 0x00000000af020810, 0x00000000afca0000)
  to   space 25856K,   0% used [0x00000000aca20000, 0x00000000aca20000, 0x00000000ae360000)
 tenured generation   total 517156K, used 121713K [0x00000000c0000000, 0x00000000df909000, 0x0000000100000000)
   the space 517156K,  23% used [0x00000000c0000000, 0x00000000c76dc578, 0x00000000c76dc600, 0x00000000df909000)
 Metaspace       used 85970K, capacity 95106K, committed 99200K, reserved 1136640K
  class space    used 10584K, capacity 11136K, committed 12416K, reserved 1048576K
GC Heap History (10 events):
Event: 50192.616 GC heap before
{Heap before GC invocations=508 (full 82):
 def new generation   total 232832K, used 217110K [0x00000000a0000000, 0x00000000afca0000, 0x00000000c0000000)
  eden space 206976K,  99% used [0x00000000a0000000, 0x00000000ac95a5e0, 0x00000000aca20000)
  from space 25856K,  42% used [0x00000000ae360000, 0x00000000aee0b5f0, 0x00000000afca0000)
  to   space 25856K,   0% used [0x00000000aca20000, 0x00000000aca20000, 0x00000000ae360000)
 tenured generation   total 517156K, used 422031K [0x00000000c0000000, 0x00000000df909000, 0x0000000100000000)
   the space 517156K,  81% used [0x00000000c0000000, 0x00000000d9c23d08, 0x00000000d9c23e00, 0x00000000df909000)
 Metaspace       used 85714K, capacity 94726K, committed 98944K, reserved 1136640K
  class space    used 10535K, capacity 11070K, committed 12416K, reserved 1048576K
Event: 50192.623 GC heap after
Heap after GC invocations=509 (full 82):
 def new generation   total 232832K, used 1000K [0x00000000a0000000, 0x00000000afca0000, 0x00000000c0000000)
  eden space 206976K,   0% used [0x00000000a0000000, 0x00000000a0000000, 0x00000000aca20000)
  from space 25856K,   3% used [0x00000000aca20000, 0x00000000acb1a380, 0x00000000ae360000)
  to   space 25856K,   0% used [0x00000000ae360000, 0x00000000ae360000, 0x00000000afca0000)
 tenured generation   total 517156K, used 422031K [0x00000000c0000000, 0x00000000df909000, 0x0000000100000000)
   the space 517156K,  81% used [0x00000000c0000000, 0x00000000d9c23d08, 0x00000000d9c23e00, 0x00000000df909000)
 Metaspace       used 85714K, capacity 94726K, committed 98944K, reserved 1136640K
  class space    used 10535K, capacity 11070K, committed 12416K, reserved 1048576K
}
Event: 50192.996 GC heap before
{Heap before GC invocations=509 (full 82):
 def new generation   total 232832K, used 124472K [0x00000000a0000000, 0x00000000afca0000, 0x00000000c0000000)
  eden space 206976K,  59% used [0x00000000a0000000, 0x00000000a7893de8, 0x00000000aca20000)
  from space 25856K,   3% used [0x00000000aca20000, 0x00000000acb1a380, 0x00000000ae360000)
  to   space 25856K,   0% used [0x00000000ae360000, 0x00000000ae360000, 0x00000000afca0000)
 tenured generation   total 517156K, used 422031K [0x00000000c0000000, 0x00000000df909000, 0x0000000100000000)
   the space 517156K,  81% used [0x00000000c0000000, 0x00000000d9c23d08, 0x00000000d9c23e00, 0x00000000df909000)
 Metaspace       used 85718K, capacity 94732K, committed 98944K, reserved 1136640K
  class space    used 10536K, capacity 11071K, committed 12416K, reserved 1048576K
Event: 50193.377 GC heap after
Heap after GC invocations=510 (full 83):
 def new generation   total 232832K, used 0K [0x00000000a0000000, 0x00000000afca0000, 0x00000000c0000000)
  eden space 206976K,   0% used [0x00000000a0000000, 0x00000000a0000000, 0x00000000aca20000)
  from space 25856K,   0% used [0x00000000aca20000, 0x00000000aca20000, 0x00000000ae360000)
  to   space 25856K,   0% used [0x00000000ae360000, 0x00000000ae360000, 0x00000000afca0000)
 tenured generation   total 517156K, used 89157K [0x00000000c0000000, 0x00000000df909000, 0x0000000100000000)
   the space 517156K,  17% used [0x00000000c0000000, 0x00000000c5711518, 0x00000000c5711600, 0x00000000df909000)
 Metaspace       used 85718K, capacity 94732K, committed 98944K, reserved 1136640K
  class space    used 10536K, capacity 11071K, committed 12416K, reserved 1048576K
}
Event: 50807.576 GC heap before
{Heap before GC invocations=510 (full 83):
 def new generation   total 232832K, used 206976K [0x00000000a0000000, 0x00000000afca0000, 0x00000000c0000000)
  eden space 206976K, 100% used [0x00000000a0000000, 0x00000000aca20000, 0x00000000aca20000)
  from space 25856K,   0% used [0x00000000aca20000, 0x00000000aca20000, 0x00000000ae360000)
  to   space 25856K,   0% used [0x00000000ae360000, 0x00000000ae360000, 0x00000000afca0000)
 tenured generation   total 517156K, used 89157K [0x00000000c0000000, 0x00000000df909000, 0x0000000100000000)
   the space 517156K,  17% used [0x00000000c0000000, 0x00000000c5711518, 0x00000000c5711600, 0x00000000df909000)
 Metaspace       used 85970K, capacity 95106K, committed 99200K, reserved 1136640K
  class space    used 10584K, capacity 11136K, committed 12416K, reserved 1048576K
Event: 50807.622 GC heap after
Heap after GC invocations=511 (full 83):
 def new generation   total 232832K, used 10597K [0x00000000a0000000, 0x00000000afca0000, 0x00000000c0000000)
  eden space 206976K,   0% used [0x00000000a0000000, 0x00000000a0000000, 0x00000000aca20000)
  from space 25856K,  40% used [0x00000000ae360000, 0x00000000aedb9670, 0x00000000afca0000)
  to   space 25856K,   0% used [0x00000000aca20000, 0x00000000aca20000, 0x00000000ae360000)
 tenured generation   total 517156K, used 89157K [0x00000000c0000000, 0x00000000df909000, 0x0000000100000000)
   the space 517156K,  17% used [0x00000000c0000000, 0x00000000c5711518, 0x00000000c5711600, 0x00000000df909000)
 Metaspace       used 85970K, capacity 95106K, committed 99200K, reserved 1136640K
  class space    used 10584K, capacity 11136K, committed 12416K, reserved 1048576K
}
Event: 50808.243 GC heap before
{Heap before GC invocations=511 (full 83):
 def new generation   total 232832K, used 217573K [0x00000000a0000000, 0x00000000afca0000, 0x00000000c0000000)
  eden space 206976K, 100% used [0x00000000a0000000, 0x00000000aca20000, 0x00000000aca20000)
  from space 25856K,  40% used [0x00000000ae360000, 0x00000000aedb9670, 0x00000000afca0000)
  to   space 25856K,   0% used [0x00000000aca20000, 0x00000000aca20000, 0x00000000ae360000)
 tenured generation   total 517156K, used 89157K [0x00000000c0000000, 0x00000000df909000, 0x0000000100000000)
   the space 517156K,  17% used [0x00000000c0000000, 0x00000000c5711518, 0x00000000c5711600, 0x00000000df909000)
 Metaspace       used 85970K, capacity 95106K, committed 99200K, reserved 1136640K
  class space    used 10584K, capacity 11136K, committed 12416K, reserved 1048576K
Event: 50808.286 GC heap after
Heap after GC invocations=512 (full 83):
 def new generation   total 232832K, used 25855K [0x00000000a0000000, 0x00000000afca0000, 0x00000000c0000000)
  eden space 206976K,   0% used [0x00000000a0000000, 0x00000000a0000000, 0x00000000aca20000)
  from space 25856K,  99% used [0x00000000aca20000, 0x00000000ae35fff8, 0x00000000ae360000)
  to   space 25856K,   0% used [0x00000000ae360000, 0x00000000ae360000, 0x00000000afca0000)
 tenured generation   total 517156K, used 96593K [0x00000000c0000000, 0x00000000df909000, 0x0000000100000000)
   the space 517156K,  18% used [0x00000000c0000000, 0x00000000c5e545e8, 0x00000000c5e54600, 0x00000000df909000)
 Metaspace       used 85970K, capacity 95106K, committed 99200K, reserved 1136640K
  class space    used 10584K, capacity 11136K, committed 12416K, reserved 1048576K
}
Event: 50808.871 GC heap before
{Heap before GC invocations=512 (full 83):
 def new generation   total 232832K, used 232831K [0x00000000a0000000, 0x00000000afca0000, 0x00000000c0000000)
  eden space 206976K, 100% used [0x00000000a0000000, 0x00000000aca20000, 0x00000000aca20000)
  from space 25856K,  99% used [0x00000000aca20000, 0x00000000ae35fff8, 0x00000000ae360000)
  to   space 25856K,   0% used [0x00000000ae360000, 0x00000000ae360000, 0x00000000afca0000)
 tenured generation   total 517156K, used 96593K [0x00000000c0000000, 0x00000000df909000, 0x0000000100000000)
   the space 517156K,  18% used [0x00000000c0000000, 0x00000000c5e545e8, 0x00000000c5e54600, 0x00000000df909000)
 Metaspace       used 85970K, capacity 95106K, committed 99200K, reserved 1136640K
  class space    used 10584K, capacity 11136K, committed 12416K, reserved 1048576K
Event: 50808.924 GC heap after
Heap after GC invocations=513 (full 83):
 def new generation   total 232832K, used 13058K [0x00000000a0000000, 0x00000000afca0000, 0x00000000c0000000)
  eden space 206976K,   0% used [0x00000000a0000000, 0x00000000a0000000, 0x00000000aca20000)
  from space 25856K,  50% used [0x00000000ae360000, 0x00000000af020810, 0x00000000afca0000)
  to   space 25856K,   0% used [0x00000000aca20000, 0x00000000aca20000, 0x00000000ae360000)
 tenured generation   total 517156K, used 121713K [0x00000000c0000000, 0x00000000df909000, 0x0000000100000000)
   the space 517156K,  23% used [0x00000000c0000000, 0x00000000c76dc578, 0x00000000c76dc600, 0x00000000df909000)
 Metaspace       used 85970K, capacity 95106K, committed 99200K, reserved 1136640K
  class space    used 10584K, capacity 11136K, committed 12416K, reserved 1048576K
}

